e:\newprojects\git\muli3d\libmuli3d\release\libmuli3d.pdb
e:\newprojects\git\muli3d\libmuli3d\release\m3dmath_vector4.obj
e:\newprojects\git\muli3d\libmuli3d\release\m3dmath_quaternion.obj
e:\newprojects\git\muli3d\libmuli3d\release\m3dmath_matrix44.obj
e:\newprojects\git\muli3d\libmuli3d\release\m3dcore_volumetexture.obj
e:\newprojects\git\muli3d\libmuli3d\release\m3dcore_volume.obj
e:\newprojects\git\muli3d\libmuli3d\release\m3dcore_vertexformat.obj
e:\newprojects\git\muli3d\libmuli3d\release\m3dcore_vertexbuffer.obj
e:\newprojects\git\muli3d\libmuli3d\release\m3dcore_texture.obj
e:\newprojects\git\muli3d\libmuli3d\release\m3dcore_surface.obj
e:\newprojects\git\muli3d\libmuli3d\release\m3dcore_shaders.obj
e:\newprojects\git\muli3d\libmuli3d\release\m3dcore_rendertarget.obj
e:\newprojects\git\muli3d\libmuli3d\release\m3dcore_presenttarget.obj
e:\newprojects\git\muli3d\libmuli3d\release\m3dcore_indexbuffer.obj
e:\newprojects\git\muli3d\libmuli3d\release\m3dcore_device.obj
e:\newprojects\git\muli3d\libmuli3d\release\m3dcore_cubetexture.obj
e:\newprojects\git\muli3d\libmuli3d\release\m3dcore_basetexture.obj
e:\newprojects\git\muli3d\libmuli3d\release\m3dcore_baseshader.obj
e:\newprojects\git\muli3d\libmuli3d\release\m3dcore.obj
e:\newprojects\git\muli3d\libmuli3d\lib\libmuli3d.lib
e:\newprojects\git\muli3d\libmuli3d\release\libmuli3d.tlog\cl.command.1.tlog
e:\newprojects\git\muli3d\libmuli3d\release\libmuli3d.tlog\cl.read.1.tlog
e:\newprojects\git\muli3d\libmuli3d\release\libmuli3d.tlog\cl.write.1.tlog
e:\newprojects\git\muli3d\libmuli3d\release\libmuli3d.tlog\lib-link.read.1.tlog
e:\newprojects\git\muli3d\libmuli3d\release\libmuli3d.tlog\lib-link.write.1.tlog
e:\newprojects\git\muli3d\libmuli3d\release\libmuli3d.tlog\lib.command.1.tlog
